2026-06-22 11:47:58 [INFO] Starting Wertschriften-Depot run.
2026-06-22 11:47:58 [INFO] Fetching Bitcoin rate from Coinbase API...
2026-06-22 11:47:59 [INFO] Fetching USD rate from Coinbase API...
2026-06-22 11:48:00 [INFO] Fetching Novartis rate from Yahoo Finance...
2026-06-22 11:48:00 [INFO] Raw data zipped to /mnt/c/Users/levin/Code/Schule/M122_LB2/D_aktuelles-wertschriften-depot/data.zip
2026-06-22 11:48:00 [INFO] Calculation successful. Total: 8775.97 CHF, Profit: 675.97 CHF (8.35%)
2026-06-22 11:48:00 [INFO] Mock email updated in /mnt/c/Users/levin/Code/Schule/M122_LB2/D_aktuelles-wertschriften-depot/info.mail
2026-06-22 12:44:00 [INFO] Starting Wertschriften-Depot run.
2026-06-22 12:44:00 [INFO] Fetching Bitcoin rate from Coinbase API...
2026-06-22 12:44:01 [INFO] Fetching USD rate from Coinbase API...
2026-06-22 12:44:01 [INFO] Fetching Novartis rate from Yahoo Finance...
2026-06-22 12:44:02 [INFO] Raw data zipped to /mnt/c/Users/levin/Code/Schule/M122_LB2/D_aktuelles-wertschriften-depot/data.zip
2026-06-22 12:44:02 [INFO] Calculation successful. Total: 8775.28 CHF, Profit: 675.28 CHF (8.34%)
2026-06-22 12:44:02 [INFO] Mock email updated in /mnt/c/Users/levin/Code/Schule/M122_LB2/D_aktuelles-wertschriften-depot/info.mail
2026-06-22 12:51:03 [INFO] Starting Wertschriften-Depot run.
2026-06-22 12:51:03 [INFO] Fetching Bitcoin rate from Coinbase API...
2026-06-22 12:51:04 [INFO] Fetching USD rate from Coinbase API...
2026-06-22 12:51:04 [INFO] Fetching Novartis rate from Yahoo Finance...
2026-06-22 12:51:04 [INFO] Raw data zipped to /mnt/c/users/levin/code/schule/M122_LB2/D_aktuelles-wertschriften-depot/data.zip
2026-06-22 12:51:04 [INFO] Calculation successful. Total: 8782.80 CHF, Profit: 682.80 CHF (8.43%)
2026-06-22 12:51:04 [INFO] Mock email updated in /mnt/c/users/levin/code/schule/M122_LB2/D_aktuelles-wertschriften-depot/info.mail
2026-06-29 08:34:35 [INFO] Starting Wertschriften-Depot run.
2026-06-29 08:34:35 [INFO] Fetching Bitcoin rate from Coinbase API...
2026-06-29 08:34:35 [INFO] Fetching USD rate from Coinbase API...
2026-06-29 08:34:36 [INFO] Fetching Novartis rate from Yahoo Finance...
2026-06-29 08:34:36 [INFO] Raw data zipped to /mnt/c/Projects/Web App/React/M122_LB2/D_aktuelles-wertschriften-depot/data.zip
2026-06-29 08:34:36 [INFO] Calculation successful. Total: 8548.32 CHF, Profit: 448.32 CHF (5.53%)
2026-06-29 08:34:36 [INFO] Mock email updated in /mnt/c/Projects/Web App/React/M122_LB2/D_aktuelles-wertschriften-depot/info.mail
